# ELBREAD: Elaboration process.
# ELBREAD: Elaboration time 0.0 [s].
# Design Explorer: Shortcut to "C:\My_Designs\my\my.aws" design added.
acom $DSN/src/1.vhd $DSN/src/cpu.bde $DSN/src/shell.bde
# Compile...
# DRC: Checking file 'C:\My_Designs\my\my\src\cpu.bde'.
# DRC: Error: cpu.bde - 3 error(s), 11 warning(s)
# DRC: DRC process completed in 1 second(s).
# DRC: The results have been written to the log file. Double click on this line to view the log.
# DRC: Checking file 'C:\My_Designs\my\my\src\shell.bde'.
# DRC: Warning: shell.bde - 0 error(s), 1 warning(s)
# DRC: DRC process completed in 1 second(s).
# DRC: The results have been written to the log file. Double click on this line to view the log.
# Generating C:\My_Designs\my\my\compile\shell.vhd from C:\My_Designs\my\my\src\shell.bde ...
# Generation successful
# File: C:\My_Designs\my\my\src\1.vhd
# Compile Entity "shell"
# Compile Architecture "one" of Entity "shell"
# Compile Entity "cpu"
# Compile Architecture "one" of Entity "cpu"
# File: .\shell.vhd
# Compile Entity "shell"
# Compile Architecture "one" of Entity "shell"
# Compile success 0 Errors 0 Warnings  Analysis time :  0.2 [s]
acom $DSN/src/cpu.bde
# Compile...
# DRC: Checking file 'C:\My_Designs\my\my\src\cpu.bde'.
# DRC: Error: cpu.bde - 3 error(s), 11 warning(s)
# DRC: DRC process completed in 1 second(s).
# DRC: The results have been written to the log file. Double click on this line to view the log.
# CODE2GRAPHICS: Analyzing file C:\My_Designs\my\my\src\1.vhd ...
# CODE2GRAPHICS: Analyzing intermediate file C:\Users\GREENT~1\AppData\Local\Temp\my\my.erf ...
# CODE2GRAPHICS: File: C:\My_Designs\my\my\src\1.vhd
# CODE2GRAPHICS: Checking Entity "shell"
# CODE2GRAPHICS: Checking Architecture "one" of Entity "shell"
# CODE2GRAPHICS: Checking Entity "cpu"
# CODE2GRAPHICS: Checking Architecture "one" of Entity "cpu"
# CODE2GRAPHICS: Checking success 0 Errors 0 Warnings  Analysis time :  0.0 [s]
# CODE2GRAPHICS: Finished successfully.
# CODE2GRAPHICS: Analyzing intermediate file C:\Users\GREENT~1\AppData\Local\Temp\my\cpu_one.lid ...
# CODE2GRAPHICS: Finished successfully.
# CODE2GRAPHICS: Analyzing intermediate file C:\Users\GREENT~1\AppData\Local\Temp\my\shell_one.lid ...
# CODE2GRAPHICS: Finished successfully.
# CODE2GRAPHICS: Updating components according to libraries data ...
# CODE2GRAPHICS: Finished successfully.
# CODE2GRAPHICS: Generating temporary block diagram file C:\Users\GREENT~1\AppData\Local\Temp\4987C00.tmp ...
# CODE2GRAPHICS: Finished successfully.
# CODE2GRAPHICS: Generating temporary block diagram file C:\Users\GREENT~1\AppData\Local\Temp\4987C02.tmp ...
# CODE2GRAPHICS: Finished successfully.
# CODE2GRAPHICS: Copying temporary bde diagram file C:\Users\GREENT~1\AppData\Local\Temp\4987C00.tmp into file C:\My_Designs\my\my\src\cpu.bde
# CODE2GRAPHICS: Copying temporary bde diagram file C:\Users\GREENT~1\AppData\Local\Temp\4987C02.tmp into file C:\My_Designs\my\my\src\shell.bde
# CODE2GRAPHICS: 2 unit(s) converted to Block Diagram(s)
# CODE2GRAPHICS: 0 unit(s) converted to State Diagram(s)
# CODE2GRAPHICS: Double click on this line to view the generated log file
acom $DSN/src/shell.bde
# Compile...
# DRC: Checking file 'C:\My_Designs\my\my\src\shell.bde'.
# DRC: Warning: shell.bde - 0 error(s), 1 warning(s)
# DRC: DRC process completed in 1 second(s).
# DRC: The results have been written to the log file. Double click on this line to view the log.
# Generating C:\My_Designs\my\my\compile\shell.vhd from C:\My_Designs\my\my\src\shell.bde ...
# Generation successful
# File: .\shell.vhd
# Compile Entity "shell"
# Compile Architecture "one" of Entity "shell"
# Compile success 0 Errors 0 Warnings  Analysis time :  0.0 [s]
acom $DSN/src/cpu.bde
# Compile...
# DRC: Checking file 'C:\My_Designs\my\my\src\cpu.bde'.
# DRC: Error: cpu.bde - 3 error(s), 11 warning(s)
# DRC: DRC process completed in 1 second(s).
# DRC: The results have been written to the log file. Double click on this line to view the log.
asim -advdataflow  cpu one
# ELBREAD: Elaboration process.
# ELBREAD: Elaboration time 0.0 [s].
# asim: Stack memory: 32MB
# asim: Retval memory: 32MB
# KERNEL: Main thread initiated.
# KERNEL: Kernel process initialization phase.
# KERNEL: Time resolution set to 1ps.
# ELAB2: Elaboration final pass...
# ELAB2: Create instances ...
# ELAB2: Create instances complete.
# ELAB2: Elaboration final pass complete - time: 0.0 [s].
# KERNEL: Kernel process initialization done.
# Allocation: Simulator allocated 1779 kB (elbread=1031 elab2=464 kernel=283 sdf=0)
#  23:02, 1 θών 2016 γ.
#  Simulation has been initialized
#  Selected Top-Level: cpu (one)
run
# KERNEL: WARNING: There is an 'U'|'X'|'W'|'Z'|'-' in an arithmetic operand, the result will be 'X'(es).
# KERNEL: Time: 0 ps,  Iteration: 0,  TOP instance,  Process: line__261.
# KERNEL: WARNING: There is an 'U'|'X'|'W'|'Z'|'-' in an arithmetic operand, the result will be 'X'(es).
# KERNEL: Time: 0 ps,  Iteration: 0,  TOP instance,  Process: line__263.
# KERNEL: WARNING: There is an 'U'|'X'|'W'|'Z'|'-' in an arithmetic operand, the result will be 'X'(es).
# KERNEL: Time: 0 ps,  Iteration: 0,  TOP instance,  Process: line__265.
# KERNEL: WARNING: There is an 'U'|'X'|'W'|'Z'|'-' in an arithmetic operand, the result will be 'X'(es).
# KERNEL: Time: 0 ps,  Iteration: 0,  TOP instance,  Process: line__267.
# KERNEL: WARNING: There is an 'U'|'X'|'W'|'Z'|'-' in an arithmetic operand, the result will be 'X'(es).
# KERNEL: Time: 0 ps,  Iteration: 0,  TOP instance,  Process: line__270.
# KERNEL: WARNING: There is an 'U'|'X'|'W'|'Z'|'-' in an arithmetic operand, the result will be 'X'(es).
# KERNEL: Time: 0 ps,  Iteration: 0,  TOP instance,  Process: line__273.
# KERNEL: WARNING: There is an 'U'|'X'|'W'|'Z'|'-' in an arithmetic operand, the result will be 'X'(es).
# KERNEL: Time: 0 ps,  Iteration: 0,  TOP instance,  Process: line__276.
# KERNEL: WARNING: There is an 'U'|'X'|'W'|'Z'|'-' in an arithmetic operand, the result will be 'X'(es).
# KERNEL: Time: 0 ps,  Iteration: 0,  TOP instance,  Process: line__279.
# KERNEL: WARNING: There is an 'U'|'X'|'W'|'Z'|'-' in an arithmetic operand, the result will be 'X'(es).
# KERNEL: Time: 0 ps,  Iteration: 0,  TOP instance,  Process: line__282.
# KERNEL: WARNING: There is an 'U'|'X'|'W'|'Z'|'-' in an arithmetic operand, the result will be 'X'(es).
# KERNEL: Time: 0 ps,  Iteration: 0,  TOP instance,  Process: line__284.
# KERNEL: WARNING: There is an 'U'|'X'|'W'|'Z'|'-' in an arithmetic operand, the result will be 'X'(es).
# KERNEL: Time: 0 ps,  Iteration: 0,  TOP instance,  Process: line__286.
# KERNEL: WARNING: There is an 'U'|'X'|'W'|'Z'|'-' in an arithmetic operand, the result will be 'X'(es).
# KERNEL: Time: 0 ps,  Iteration: 0,  TOP instance,  Process: line__288.
# KERNEL: WARNING: There is an 'U'|'X'|'W'|'Z'|'-' in an arithmetic operand, the result will be 'X'(es).
# KERNEL: Time: 0 ps,  Iteration: 0,  TOP instance,  Process: line__295.
# KERNEL: WARNING: There is an 'U'|'X'|'W'|'Z'|'-' in an arithmetic operand, the result will be 'X'(es).
# KERNEL: Time: 0 ps,  Iteration: 0,  TOP instance,  Process: line__334.
# KERNEL: WARNING: There is an 'U'|'X'|'W'|'Z'|'-' in an arithmetic operand, the result will be 'X'(es).
# KERNEL: Time: 0 ps,  Iteration: 1,  TOP instance,  Process: line__334.
# KERNEL: WARNING: There is an 'U'|'X'|'W'|'Z'|'-' in an arithmetic operand, the result will be 'X'(es).
# KERNEL: Time: 50 ns,  Iteration: 1,  TOP instance,  Process: line__334.
# KERNEL: WARNING: There is an 'U'|'X'|'W'|'Z'|'-' in an arithmetic operand, the result will be 'X'(es).
# KERNEL: Time: 150 ns,  Iteration: 1,  TOP instance,  Process: line__267.
# KERNEL: WARNING: There is an 'U'|'X'|'W'|'Z'|'-' in an arithmetic operand, the result will be 'X'(es).
# KERNEL: Time: 150 ns,  Iteration: 1,  TOP instance,  Process: line__270.
# KERNEL: WARNING: There is an 'U'|'X'|'W'|'Z'|'-' in an arithmetic operand, the result will be 'X'(es).
# KERNEL: Time: 150 ns,  Iteration: 1,  TOP instance,  Process: line__273.
# KERNEL: WARNING: There is an 'U'|'X'|'W'|'Z'|'-' in an arithmetic operand, the result will be 'X'(es).
# KERNEL: Time: 150 ns,  Iteration: 1,  TOP instance,  Process: line__276.
# KERNEL: WARNING: There is an 'U'|'X'|'W'|'Z'|'-' in an arithmetic operand, the result will be 'X'(es).
# KERNEL: Time: 150 ns,  Iteration: 1,  TOP instance,  Process: line__279.
# KERNEL: WARNING: There is an 'U'|'X'|'W'|'Z'|'-' in an arithmetic operand, the result will be 'X'(es).
# KERNEL: Time: 150 ns,  Iteration: 1,  TOP instance,  Process: line__282.
# KERNEL: WARNING: There is an 'U'|'X'|'W'|'Z'|'-' in an arithmetic operand, the result will be 'X'(es).
# KERNEL: Time: 150 ns,  Iteration: 1,  TOP instance,  Process: line__284.
# KERNEL: WARNING: There is an 'U'|'X'|'W'|'Z'|'-' in an arithmetic operand, the result will be 'X'(es).
# KERNEL: Time: 150 ns,  Iteration: 1,  TOP instance,  Process: line__286.
# KERNEL: WARNING: There is an 'U'|'X'|'W'|'Z'|'-' in an arithmetic operand, the result will be 'X'(es).
# KERNEL: Time: 150 ns,  Iteration: 1,  TOP instance,  Process: line__288.
# KERNEL: WARNING: There is an 'U'|'X'|'W'|'Z'|'-' in an arithmetic operand, the result will be 'X'(es).
# KERNEL: Time: 150 ns,  Iteration: 1,  TOP instance,  Process: line__261.
# KERNEL: WARNING: There is an 'U'|'X'|'W'|'Z'|'-' in an arithmetic operand, the result will be 'X'(es).
# KERNEL: Time: 150 ns,  Iteration: 1,  TOP instance,  Process: line__263.
# KERNEL: WARNING: There is an 'U'|'X'|'W'|'Z'|'-' in an arithmetic operand, the result will be 'X'(es).
# KERNEL: Time: 150 ns,  Iteration: 1,  TOP instance,  Process: line__265.
# KERNEL: WARNING: There is an 'U'|'X'|'W'|'Z'|'-' in an arithmetic operand, the result will be 'X'(es).
# KERNEL: Time: 150 ns,  Iteration: 2,  TOP instance,  Process: line__295.
# KERNEL: stopped at time: 10 us
# Evaluation Version : 10us simulation time has been reached.  Contact Aldec for ordering information - sales@aldec.com
#  Simulation has been stopped
